mode: set
github.com/chalkan3/sloth-runner/internal/types/types.go:24.96,36.62 6 0
github.com/chalkan3/sloth-runner/internal/types/types.go:36.62,38.3 1 0
github.com/chalkan3/sloth-runner/internal/types/types.go:41.2,42.6 2 0
github.com/chalkan3/sloth-runner/internal/types/types.go:42.6,44.17 2 0
github.com/chalkan3/sloth-runner/internal/types/types.go:44.17,46.4 1 0
github.com/chalkan3/sloth-runner/internal/types/types.go:47.3,47.39 1 0
github.com/chalkan3/sloth-runner/internal/types/types.go:47.39,48.9 1 0
github.com/chalkan3/sloth-runner/internal/types/types.go:50.3,50.27 1 0
github.com/chalkan3/sloth-runner/internal/types/types.go:53.2,53.46 1 0
github.com/chalkan3/sloth-runner/internal/types/types.go:57.39,58.26 1 0
github.com/chalkan3/sloth-runner/internal/types/types.go:58.26,60.3 1 0
github.com/chalkan3/sloth-runner/internal/types/types.go:61.2,61.12 1 0
